TRY 3: Starting linguistically anchored extraction pipeline
PHASE 1: Learning Akkadian structure from train.csv
  learned sentence range=1..120 (avg=10.01, detection_window=1..30)
  common starters tracked=50
  frequent tokens tracked=500
PHASE 2: Building Akkadian detection assets
  lexicon forms available=53419
PHASE 3: Building published-text reference anchors
  reference transliterations=7953
  aliases indexed=12393
PHASE 4-10: Streaming publications.csv with progress
[------------------------] 1/31286 (  0.0%) elapsed=   3.8s eta=120385.1s
[------------------------] 242/31286 (  0.8%) elapsed=   5.9s eta= 754.9s
[------------------------] 850/31286 (  2.7%) elapsed=   7.9s eta= 282.4s
[------------------------] 1216/31286 (  3.9%) elapsed=   9.9s eta= 244.6s
[#-----------------------] 1608/31286 (  5.1%) elapsed=  11.9s eta= 219.5s
[#-----------------------] 2190/31286 (  7.0%) elapsed=  13.9s eta= 184.6s
[##----------------------] 2630/31286 (  8.4%) elapsed=  15.9s eta= 173.2s
[##----------------------] 2875/31286 (  9.2%) elapsed=  17.9s eta= 176.8s
[##----------------------] 3189/31286 ( 10.2%) elapsed=  19.9s eta= 175.4s
[##----------------------] 3474/31286 ( 11.1%) elapsed=  21.9s eta= 175.4s
[##----------------------] 3691/31286 ( 11.8%) elapsed=  25.0s eta= 187.0s
[##----------------------] 3781/31286 ( 12.1%) elapsed=  27.2s eta= 197.8s
[###---------------------] 4411/31286 ( 14.1%) elapsed=  29.2s eta= 177.8s
[###---------------------] 5048/31286 ( 16.1%) elapsed=  31.2s eta= 162.2s
[####--------------------] 5533/31286 ( 17.7%) elapsed=  33.2s eta= 154.5s
[####--------------------] 5661/31286 ( 18.1%) elapsed=  35.6s eta= 161.2s
[####--------------------] 5703/31286 ( 18.2%) elapsed=  37.6s eta= 168.8s
[####--------------------] 6022/31286 ( 19.2%) elapsed=  39.6s eta= 166.2s
[####--------------------] 6350/31286 ( 20.3%) elapsed=  41.6s eta= 163.5s
[#####-------------------] 6691/31286 ( 21.4%) elapsed=  43.6s eta= 160.4s
[#####-------------------] 7088/31286 ( 22.7%) elapsed=  45.7s eta= 155.9s
[#####-------------------] 7366/31286 ( 23.5%) elapsed=  47.7s eta= 154.8s
[#####-------------------] 7678/31286 ( 24.5%) elapsed=  49.7s eta= 152.7s
[######------------------] 8141/31286 ( 26.0%) elapsed=  51.7s eta= 146.9s
[######------------------] 8622/31286 ( 27.6%) elapsed=  53.7s eta= 141.1s
[######------------------] 8974/31286 ( 28.7%) elapsed=  56.5s eta= 140.5s
[######------------------] 8983/31286 ( 28.7%) elapsed=  59.8s eta= 148.4s
[######------------------] 9016/31286 ( 28.8%) elapsed=  63.0s eta= 155.7s
[######------------------] 9068/31286 ( 29.0%) elapsed=  66.3s eta= 162.4s
[#######-----------------] 9716/31286 ( 31.1%) elapsed=  69.8s eta= 155.0s
[#######-----------------] 9725/31286 ( 31.1%) elapsed=  73.0s eta= 161.8s
[#######-----------------] 10247/31286 ( 32.8%) elapsed=  75.0s eta= 154.0s
[#######-----------------] 10328/31286 ( 33.0%) elapsed=  78.5s eta= 159.3s
[#######-----------------] 10380/31286 ( 33.2%) elapsed=  81.9s eta= 165.0s
[########----------------] 10480/31286 ( 33.5%) elapsed=  84.2s eta= 167.1s
[########----------------] 10845/31286 ( 34.7%) elapsed=  86.7s eta= 163.5s
[########----------------] 11171/31286 ( 35.7%) elapsed=  88.8s eta= 159.8s
[########----------------] 11393/31286 ( 36.4%) elapsed=  91.2s eta= 159.3s
[########----------------] 11589/31286 ( 37.0%) elapsed=  93.2s eta= 158.4s
[#########---------------] 11983/31286 ( 38.3%) elapsed=  95.2s eta= 153.4s
[#########---------------] 12578/31286 ( 40.2%) elapsed=  97.2s eta= 144.6s
[##########--------------] 13179/31286 ( 42.1%) elapsed=  99.2s eta= 136.3s
[##########--------------] 13791/31286 ( 44.1%) elapsed= 101.2s eta= 128.4s
[##########--------------] 14242/31286 ( 45.5%) elapsed= 103.2s eta= 123.5s
[###########-------------] 14479/31286 ( 46.3%) elapsed= 105.2s eta= 122.2s
[###########-------------] 14757/31286 ( 47.2%) elapsed= 107.3s eta= 120.1s
[###########-------------] 15035/31286 ( 48.1%) elapsed= 109.3s eta= 118.1s
[###########-------------] 15313/31286 ( 48.9%) elapsed= 111.3s eta= 116.0s
[###########-------------] 15452/31286 ( 49.4%) elapsed= 113.3s eta= 116.1s
[############------------] 15723/31286 ( 50.3%) elapsed= 115.3s eta= 114.1s
[############------------] 15918/31286 ( 50.9%) elapsed= 118.5s eta= 114.4s
[############------------] 15923/31286 ( 50.9%) elapsed= 120.8s eta= 116.5s
[############------------] 15958/31286 ( 51.0%) elapsed= 123.6s eta= 118.7s
[############------------] 16002/31286 ( 51.1%) elapsed= 127.4s eta= 121.6s
[############------------] 16050/31286 ( 51.3%) elapsed= 130.8s eta= 124.2s
[############------------] 16051/31286 ( 51.3%) elapsed= 133.4s eta= 126.6s
[############------------] 16054/31286 ( 51.3%) elapsed= 135.9s eta= 128.9s
[############------------] 16107/31286 ( 51.5%) elapsed= 138.5s eta= 130.5s
[############------------] 16131/31286 ( 51.6%) elapsed= 141.1s eta= 132.5s
[############------------] 16154/31286 ( 51.6%) elapsed= 143.8s eta= 134.7s
[############------------] 16155/31286 ( 51.6%) elapsed= 146.0s eta= 136.7s
[############------------] 16156/31286 ( 51.6%) elapsed= 148.2s eta= 138.8s
[############------------] 16189/31286 ( 51.7%) elapsed= 150.6s eta= 140.5s
[############------------] 16194/31286 ( 51.8%) elapsed= 154.0s eta= 143.6s
[############------------] 16202/31286 ( 51.8%) elapsed= 156.3s eta= 145.5s
[############------------] 16231/31286 ( 51.9%) elapsed= 158.4s eta= 147.0s
[############------------] 16243/31286 ( 51.9%) elapsed= 161.6s eta= 149.7s
[############------------] 16256/31286 ( 52.0%) elapsed= 164.4s eta= 152.0s
[############------------] 16288/31286 ( 52.1%) elapsed= 167.4s eta= 154.1s
[############------------] 16316/31286 ( 52.2%) elapsed= 169.7s eta= 155.7s
[############------------] 16360/31286 ( 52.3%) elapsed= 172.4s eta= 157.3s
[############------------] 16368/31286 ( 52.3%) elapsed= 174.7s eta= 159.2s
[############------------] 16369/31286 ( 52.3%) elapsed= 177.4s eta= 161.7s
[############------------] 16370/31286 ( 52.3%) elapsed= 180.0s eta= 164.0s
[############------------] 16371/31286 ( 52.3%) elapsed= 182.1s eta= 165.9s
[############------------] 16395/31286 ( 52.4%) elapsed= 184.7s eta= 167.8s
[############------------] 16400/31286 ( 52.4%) elapsed= 187.0s eta= 169.8s
[############------------] 16435/31286 ( 52.5%) elapsed= 189.8s eta= 171.5s
[############------------] 16456/31286 ( 52.6%) elapsed= 191.8s eta= 172.8s
[############------------] 16504/31286 ( 52.8%) elapsed= 195.1s eta= 174.7s
[############------------] 16528/31286 ( 52.8%) elapsed= 199.5s eta= 178.1s
[############------------] 16531/31286 ( 52.8%) elapsed= 201.9s eta= 180.2s
[############------------] 16584/31286 ( 53.0%) elapsed= 204.6s eta= 181.4s
[############------------] 16608/31286 ( 53.1%) elapsed= 207.1s eta= 183.0s
[############------------] 16631/31286 ( 53.2%) elapsed= 209.8s eta= 184.9s
[############------------] 16632/31286 ( 53.2%) elapsed= 212.0s eta= 186.8s
[############------------] 16633/31286 ( 53.2%) elapsed= 214.1s eta= 188.6s
[############------------] 16666/31286 ( 53.3%) elapsed= 216.6s eta= 190.0s
[############------------] 16671/31286 ( 53.3%) elapsed= 219.9s eta= 192.8s
[############------------] 16679/31286 ( 53.3%) elapsed= 222.2s eta= 194.6s
[############------------] 16708/31286 ( 53.4%) elapsed= 224.3s eta= 195.7s
[############------------] 16720/31286 ( 53.4%) elapsed= 227.4s eta= 198.1s
[############------------] 16733/31286 ( 53.5%) elapsed= 230.2s eta= 200.2s
[############------------] 16765/31286 ( 53.6%) elapsed= 233.2s eta= 202.0s
[############------------] 16766/31286 ( 53.6%) elapsed= 235.4s eta= 203.9s
[############------------] 16836/31286 ( 53.8%) elapsed= 238.1s eta= 204.4s
[############------------] 16845/31286 ( 53.8%) elapsed= 241.9s eta= 207.4s
[############------------] 16846/31286 ( 53.8%) elapsed= 244.4s eta= 209.5s
[############------------] 16847/31286 ( 53.8%) elapsed= 248.4s eta= 212.9s
[############------------] 16848/31286 ( 53.9%) elapsed= 250.5s eta= 214.6s
[#############-----------] 17109/31286 ( 54.7%) elapsed= 252.5s eta= 209.2s
[#############-----------] 17581/31286 ( 56.2%) elapsed= 254.5s eta= 198.4s
[#############-----------] 18230/31286 ( 58.3%) elapsed= 256.5s eta= 183.7s
[##############----------] 18737/31286 ( 59.9%) elapsed= 258.5s eta= 173.1s
[##############----------] 19183/31286 ( 61.3%) elapsed= 260.5s eta= 164.4s
[###############---------] 19890/31286 ( 63.6%) elapsed= 262.5s eta= 150.4s
[###############---------] 20438/31286 ( 65.3%) elapsed= 264.5s eta= 140.4s
[################--------] 21105/31286 ( 67.5%) elapsed= 266.5s eta= 128.6s
[################--------] 21661/31286 ( 69.2%) elapsed= 268.5s eta= 119.3s
[################--------] 22099/31286 ( 70.6%) elapsed= 270.5s eta= 112.5s
[#################-------] 22596/31286 ( 72.2%) elapsed= 272.5s eta= 104.8s
[#################-------] 22984/31286 ( 73.5%) elapsed= 274.5s eta=  99.2s
[#################-------] 23303/31286 ( 74.5%) elapsed= 276.5s eta=  94.7s
[##################------] 23599/31286 ( 75.4%) elapsed= 278.5s eta=  90.7s
[##################------] 23915/31286 ( 76.4%) elapsed= 280.5s eta=  86.5s
[##################------] 24211/31286 ( 77.4%) elapsed= 282.5s eta=  82.6s
[##################------] 24528/31286 ( 78.4%) elapsed= 284.5s eta=  78.4s
[###################-----] 24850/31286 ( 79.4%) elapsed= 286.5s eta=  74.2s
[###################-----] 25242/31286 ( 80.7%) elapsed= 288.5s eta=  69.1s
[###################-----] 25556/31286 ( 81.7%) elapsed= 290.5s eta=  65.1s
[###################-----] 26019/31286 ( 83.2%) elapsed= 292.6s eta=  59.2s
[####################----] 26389/31286 ( 84.3%) elapsed= 294.6s eta=  54.7s
[####################----] 26707/31286 ( 85.4%) elapsed= 297.7s eta=  51.0s
[####################----] 26738/31286 ( 85.5%) elapsed= 300.6s eta=  51.1s
[####################----] 26813/31286 ( 85.7%) elapsed= 303.8s eta=  50.7s
[####################----] 27000/31286 ( 86.3%) elapsed= 305.8s eta=  48.5s
[####################----] 27295/31286 ( 87.2%) elapsed= 307.8s eta=  45.0s
[#####################---] 27591/31286 ( 88.2%) elapsed= 309.8s eta=  41.5s
[#####################---] 28001/31286 ( 89.5%) elapsed= 311.8s eta=  36.6s
[#####################---] 28302/31286 ( 90.5%) elapsed= 313.8s eta=  33.1s
[######################--] 28768/31286 ( 92.0%) elapsed= 315.8s eta=  27.6s
[######################--] 29579/31286 ( 94.5%) elapsed= 317.8s eta=  18.3s
[#######################-] 30089/31286 ( 96.2%) elapsed= 319.8s eta=  12.7s
[#######################-] 30483/31286 ( 97.4%) elapsed= 321.8s eta=   8.5s
[#######################-] 30818/31286 ( 98.5%) elapsed= 323.8s eta=   4.9s
[#######################-] 31205/31286 ( 99.7%) elapsed= 325.8s eta=   0.8s
[########################] 31286/31286 (100.0%) elapsed= 326.4s eta=   0.0s
TRY 3 COMPLETE: extracted 0 pairs in 326.44s
